<?xml version="1.0" encoding="UTF-8"?>
<!-- Generated by org.testng.reporters.JUnitXMLReporter -->
<testsuite hostname="HarithaPC" name="Default test" tests="16" failures="0" timestamp="29 Apr 2018 22:30:18 GMT" time="168.559" errors="0">
  <testcase name="@AfterClass afterTest" time="0.0" classname="com.rightmove.searchproperty.tests.SearchPropertyTest">
    <failure type="java.lang.AssertionError" message="The following asserts failed:
 Expecting Home Page location search successfull but no results displayed.,  Expecting Home Page location search unsuccessfull but results displayed.,  Expecting Home Page location search successfull but no results displayed.,  Expecting Home Page location search unsuccessfull but results displayed.">
      <![CDATA[java.lang.AssertionError: The following asserts failed:
 Expecting Home Page location search successfull but no results displayed.,  Expecting Home Page location search unsuccessfull but results displayed.,  Expecting Home Page location search successfull but no results displayed.,  Expecting Home Page location search unsuccessfull but results displayed.
	at org.testng.asserts.SoftAssert.assertAll(SoftAssert.java:37)
	at com.rightmove.searchproperty.tests.SearchPropertyTest.afterTest(SearchPropertyTest.java:157)
	at sun.reflect.NativeMethodAccessorImpl.invoke0(Native Method)
	at sun.reflect.NativeMethodAccessorImpl.invoke(Unknown Source)
	at sun.reflect.DelegatingMethodAccessorImpl.invoke(Unknown Source)
	at java.lang.reflect.Method.invoke(Unknown Source)
	at org.testng.internal.MethodInvocationHelper.invokeMethod(MethodInvocationHelper.java:80)
	at org.testng.internal.Invoker.invokeConfigurationMethod(Invoker.java:564)
	at org.testng.internal.Invoker.invokeConfigurations(Invoker.java:213)
	at org.testng.internal.Invoker.invokeConfigurations(Invoker.java:138)
	at org.testng.internal.TestMethodWorker.invokeAfterClassMethods(TestMethodWorker.java:225)
	at org.testng.internal.TestMethodWorker.run(TestMethodWorker.java:114)
	at org.testng.TestRunner.privateRun(TestRunner.java:767)
	at org.testng.TestRunner.run(TestRunner.java:617)
	at org.testng.SuiteRunner.runTest(SuiteRunner.java:334)
	at org.testng.SuiteRunner.runSequentially(SuiteRunner.java:329)
	at org.testng.SuiteRunner.privateRun(SuiteRunner.java:291)
	at org.testng.SuiteRunner.run(SuiteRunner.java:240)
	at org.testng.SuiteRunnerWorker.runSuite(SuiteRunnerWorker.java:52)
	at org.testng.SuiteRunnerWorker.run(SuiteRunnerWorker.java:86)
	at org.testng.TestNG.runSuitesSequentially(TestNG.java:1198)
	at org.testng.TestNG.runSuitesLocally(TestNG.java:1123)
	at org.testng.TestNG.run(TestNG.java:1031)
	at org.testng.remote.AbstractRemoteTestNG.run(AbstractRemoteTestNG.java:114)
	at org.testng.remote.RemoteTestNG.initAndRun(RemoteTestNG.java:251)
	at org.testng.remote.RemoteTestNG.main(RemoteTestNG.java:77)
]]>
    </failure>
  </testcase> <!-- @AfterClass afterTest -->
  <testcase name="searchPropertyTest" time="0.016" classname="com.rightmove.searchproperty.tests.SearchPropertyTest">
    <skipped/>
  </testcase> <!-- searchPropertyTest -->
  <testcase name="searchPropertyTest" time="0.002" classname="com.rightmove.searchproperty.tests.SearchPropertyTest">
    <skipped/>
  </testcase> <!-- searchPropertyTest -->
  <testcase name="searchPropertyTest" time="0.003" classname="com.rightmove.searchproperty.tests.SearchPropertyTest">
    <skipped/>
  </testcase> <!-- searchPropertyTest -->
  <testcase name="searchPropertyTest" time="0.003" classname="com.rightmove.searchproperty.tests.SearchPropertyTest">
    <skipped/>
  </testcase> <!-- searchPropertyTest -->
  <testcase name="searchPropertyTest" time="0.002" classname="com.rightmove.searchproperty.tests.SearchPropertyTest">
    <skipped/>
  </testcase> <!-- searchPropertyTest -->
  <testcase name="searchPropertyTest" time="0.003" classname="com.rightmove.searchproperty.tests.SearchPropertyTest">
    <skipped/>
  </testcase> <!-- searchPropertyTest -->
  <testcase name="searchPropertyTest" time="0.002" classname="com.rightmove.searchproperty.tests.SearchPropertyTest">
    <skipped/>
  </testcase> <!-- searchPropertyTest -->
  <testcase name="searchPropertyTest" time="0.002" classname="com.rightmove.searchproperty.tests.SearchPropertyTest">
    <skipped/>
  </testcase> <!-- searchPropertyTest -->
  <testcase name="searchPropertyTest" time="0.002" classname="com.rightmove.searchproperty.tests.SearchPropertyTest">
    <skipped/>
  </testcase> <!-- searchPropertyTest -->
  <testcase name="searchPropertyTest" time="0.003" classname="com.rightmove.searchproperty.tests.SearchPropertyTest">
    <skipped/>
  </testcase> <!-- searchPropertyTest -->
  <testcase name="searchPropertyTest" time="66.374" classname="com.rightmove.searchproperty.tests.SearchPropertyTest"/>
  <testcase name="searchPropertyTest" time="6.535" classname="com.rightmove.searchproperty.tests.SearchPropertyTest"/>
  <testcase name="searchPropertyTest" time="32.968" classname="com.rightmove.searchproperty.tests.SearchPropertyTest"/>
  <testcase name="searchPropertyTest" time="21.355" classname="com.rightmove.searchproperty.tests.SearchPropertyTest"/>
  <testcase name="searchPropertyTest" time="6.083" classname="com.rightmove.searchproperty.tests.SearchPropertyTest"/>
  <testcase name="searchPropertyTest" time="21.069" classname="com.rightmove.searchproperty.tests.SearchPropertyTest"/>
</testsuite> <!-- Default test -->
